<?xml version="1.0" encoding="UTF-8"?>
<!-- Generated by org.testng.reporters.JUnitReportReporter -->
<testsuite skipped="0" hostname="GBWK-INA0370LH1" name="NewTest" tests="3" failures="0" timestamp="05 Jun 2018 05:28:25 GMT" time="0.009" errors="0">
  <testcase name="f2" time="0.004" classname="NewTest"/>
  <testcase name="f3" time="0.003" classname="NewTest"/>
  <testcase name="f1" time="0.002" classname="NewTest"/>
</testsuite> <!-- NewTest -->
